------------------------------------------------------------------------------
                           GCC Code Coverage Report
Directory: .
------------------------------------------------------------------------------
File                                       Lines    Exec  Cover   Missing
------------------------------------------------------------------------------
utExecutionAndResults/utUnderTest/src/Crc8_Upd_u8.c
                                               3       3   100%
------------------------------------------------------------------------------
TOTAL                                          3       3   100%
------------------------------------------------------------------------------
