------------------------------------------------------------------------------
                           GCC Code Coverage Report
Directory: .
------------------------------------------------------------------------------
File                                       Lines    Exec  Cover   Missing
------------------------------------------------------------------------------
utExecutionAndResults/utUnderTest/src/BuildTbl.c
                                              14       9    64%   7-11
------------------------------------------------------------------------------
TOTAL                                         14       9    64%
------------------------------------------------------------------------------
