------------------------------------------------------------------------------
                           GCC Code Coverage Report
Directory: .
------------------------------------------------------------------------------
File                                       Lines    Exec  Cover   Missing
------------------------------------------------------------------------------
utExecutionAndResults/utUnderTest/src/BuildTbl.c
                                               9       9   100%
utExecutionAndResults/utUnderTest/src/BuildTbl_help.h
                                               5       0     0%   10-14
------------------------------------------------------------------------------
TOTAL                                         14       9    64%
------------------------------------------------------------------------------
