------------------------------------------------------------------------------
                           GCC Code Coverage Report
Directory: .
------------------------------------------------------------------------------
File                                       Lines    Exec  Cover   Missing
------------------------------------------------------------------------------
utExecutionAndResults/utUnderTest/src/EnsureTblInit.c
                                               7       5    71%   7-8
------------------------------------------------------------------------------
TOTAL                                          7       5    71%
------------------------------------------------------------------------------
