------------------------------------------------------------------------------
                           GCC Code Coverage Report
Directory: .
------------------------------------------------------------------------------
File                                       Lines    Exec  Cover   Missing
------------------------------------------------------------------------------
utExecutionAndResults/utUnderTest/src/CalcByte_u8.c
                                               7       3    42%   8-11
------------------------------------------------------------------------------
TOTAL                                          7       3    42%
------------------------------------------------------------------------------
